{"uuid":"c1566ad8-74b7-4455-971c-65f84ab73818","historyId":"402335cd456639e2540ba442d436c6c1","fullName":"org.example.testcases.crud.testCreateBooking.TestCreateBookingPost.testCaseBooking","labels":[{"name":"package","value":"org.example.testcases.crud.testCreateBooking.TestCreateBookingPost"},{"name":"testClass","value":"org.example.testcases.crud.testCreateBooking.TestCreateBookingPost"},{"name":"testMethod","value":"testCaseBooking"},{"name":"parentSuite","value":"All Test Suite"},{"name":"suite","value":"E:/ATP6X/FirstProjectAPI6X"},{"name":"subSuite","value":"org.example.testcases.crud.testCreateBooking.TestCreateBookingPost"},{"name":"host","value":"Suneel"},{"name":"thread","value":"10832@Suneel.main(1)"},{"name":"framework","value":"testng"},{"name":"language","value":"java"},{"name":"owner","value":"Suneel"},{"name":"severity","value":"normal"}],"links":[],"name":"testCaseBooking","status":"broken","statusDetails":{"known":false,"muted":false,"flaky":false,"message":"java.lang.IllegalStateException: Expected BEGIN_OBJECT but was STRING at line 1 column 1 path $\nSee https://github.com/google/gson/blob/main/Troubleshooting.md#unexpected-json-structure","trace":"com.google.gson.JsonSyntaxException: java.lang.IllegalStateException: Expected BEGIN_OBJECT but was STRING at line 1 column 1 path $\nSee https://github.com/google/gson/blob/main/Troubleshooting.md#unexpected-json-structure\r\n\tat com.google.gson.internal.bind.ReflectiveTypeAdapterFactory$Adapter.read(ReflectiveTypeAdapterFactory.java:520)\r\n\tat com.google.gson.Gson.fromJson(Gson.java:1361)\r\n\tat com.google.gson.Gson.fromJson(Gson.java:1262)\r\n\tat com.google.gson.Gson.fromJson(Gson.java:1171)\r\n\tat com.google.gson.Gson.fromJson(Gson.java:1107)\r\n\tat org.example.modules.PayloadManager.bookingResponseJava(PayloadManager.java:44)\r\n\tat org.example.testcases.crud.testCreateBooking.TestCreateBookingPost.testCaseBooking(TestCreateBookingPost.java:32)\r\n\tat java.base/jdk.internal.reflect.DirectMethodHandleAccessor.invoke(DirectMethodHandleAccessor.java:103)\r\n\tat java.base/java.lang.reflect.Method.invoke(Method.java:580)\r\n\tat org.testng.internal.invokers.MethodInvocationHelper.invokeMethod(MethodInvocationHelper.java:141)\r\n\tat org.testng.internal.invokers.TestInvoker.invokeMethod(TestInvoker.java:687)\r\n\tat org.testng.internal.invokers.TestInvoker.invokeTestMethod(TestInvoker.java:230)\r\n\tat org.testng.internal.invokers.MethodRunner.runInSequence(MethodRunner.java:63)\r\n\tat org.testng.internal.invokers.TestInvoker$MethodInvocationAgent.invoke(TestInvoker.java:995)\r\n\tat org.testng.internal.invokers.TestInvoker.invokeTestMethods(TestInvoker.java:203)\r\n\tat org.testng.internal.invokers.TestMethodWorker.invokeTestMethods(TestMethodWorker.java:154)\r\n\tat org.testng.internal.invokers.TestMethodWorker.run(TestMethodWorker.java:134)\r\n\tat java.base/java.util.ArrayList.forEach(ArrayList.java:1596)\r\n\tat org.testng.TestRunner.privateRun(TestRunner.java:741)\r\n\tat org.testng.TestRunner.run(TestRunner.java:616)\r\n\tat org.testng.SuiteRunner.runTest(SuiteRunner.java:421)\r\n\tat org.testng.SuiteRunner.runSequentially(SuiteRunner.java:413)\r\n\tat org.testng.SuiteRunner.privateRun(SuiteRunner.java:373)\r\n\tat org.testng.SuiteRunner.run(SuiteRunner.java:312)\r\n\tat org.testng.SuiteRunnerWorker.runSuite(SuiteRunnerWorker.java:52)\r\n\tat org.testng.SuiteRunnerWorker.run(SuiteRunnerWorker.java:95)\r\n\tat org.testng.TestNG.runSuitesSequentially(TestNG.java:1274)\r\n\tat org.testng.TestNG.runSuitesLocally(TestNG.java:1208)\r\n\tat org.testng.TestNG.runSuites(TestNG.java:1112)\r\n\tat org.testng.TestNG.run(TestNG.java:1079)\r\n\tat com.intellij.rt.testng.IDEARemoteTestNG.run(IDEARemoteTestNG.java:65)\r\n\tat com.intellij.rt.testng.RemoteTestNGStarter.main(RemoteTestNGStarter.java:105)\r\nCaused by: java.lang.IllegalStateException: Expected BEGIN_OBJECT but was STRING at line 1 column 1 path $\nSee https://github.com/google/gson/blob/main/Troubleshooting.md#unexpected-json-structure\r\n\tat com.google.gson.stream.JsonReader.unexpectedTokenError(JsonReader.java:1768)\r\n\tat com.google.gson.stream.JsonReader.beginObject(JsonReader.java:469)\r\n\tat com.google.gson.internal.bind.ReflectiveTypeAdapterFactory$Adapter.read(ReflectiveTypeAdapterFactory.java:509)\r\n\t... 31 more\r\n"},"stage":"finished","description":"First simple create booking testcase","steps":[],"attachments":[],"parameters":[],"start":1763875800712,"stop":1763875804169}